[debug] [2020-05-18T17:15:49.477Z] ----------------------------------------------------------------------
[debug] [2020-05-18T17:15:49.479Z] Command:       C:\Program Files\nodejs\node.exe C:\Users\mitch\AppData\Roaming\npm\node_modules\firebase-tools\lib\bin\firebase.js emulators:start --only firestore,functions
[debug] [2020-05-18T17:15:49.479Z] CLI Version:   8.2.0
[debug] [2020-05-18T17:15:49.479Z] Platform:      win32
[debug] [2020-05-18T17:15:49.479Z] Node Version:  v12.16.2
[debug] [2020-05-18T17:15:49.480Z] Time:          Mon May 18 2020 10:15:49 GMT-0700 (Pacific Daylight Time)
[debug] [2020-05-18T17:15:49.480Z] ----------------------------------------------------------------------
[debug] [2020-05-18T17:15:49.480Z] 
[debug] [2020-05-18T17:15:49.486Z] > command requires scopes: ["email","openid","https://www.googleapis.com/auth/cloudplatformprojects.readonly","https://www.googleapis.com/auth/firebase","https://www.googleapis.com/auth/cloud-platform"]
[debug] [2020-05-18T17:15:49.486Z] > authorizing via signed-in user
[info] i  emulators: Starting emulators: firestore
[warn] !  functions: Not starting the functions emulator, make sure you have run firebase init.
[debug] [2020-05-18T17:15:51.526Z] [hub] writing locator at C:\Users\mitch\AppData\Local\Temp\hub-clean-notes-11971.json
[info] +  hub: emulator hub started at http://localhost:4400
[debug] [2020-05-18T17:15:53.536Z] Ignoring unsupported arg: projectId
[debug] [2020-05-18T17:15:53.536Z] Ignoring unsupported arg: auto_download
[debug] [2020-05-18T17:15:53.536Z] Starting firestore emulator with command {"binary":"java","args":["-Duser.language=en","-jar","C:\\Users\\mitch\\.cache\\firebase\\emulators\\cloud-firestore-emulator-v1.11.3.jar","--host","localhost","--port",8080,"--rules","D:\\Android Studio Projects\\CleanNotes\\firestore.rules"],"optionalArgs":["port","webchannel_port","host","rules","functions_emulator","seed_from_export"],"joinArgs":false}
[info] i  firestore: firestore emulator logging to firestore-debug.log
[debug] [2020-05-18T17:15:54.683Z] API endpoint: http://localhost:8080
[debug] [2020-05-18T17:15:54.684Z] 
If you are using a library that supports the FIRESTORE_EMULATOR_HOST environment variable, run:

   export FIRESTORE_EMULATOR_HOST=localhost:8080

Dev App Server is now running.


[info] +  firestore: firestore emulator started at http://localhost:8080
[info] i  firestore: For testing set FIRESTORE_EMULATOR_HOST=localhost:8080
[info] +  emulators: All emulators started, it is now safe to connect.
[debug] [2020-05-18T17:19:35.755Z] May 18, 2020 10:19:35 AM io.gapi.emulators.netty.HttpVersionRoutingHandler channelRead
INFO: Detected HTTP/2 connection.

[debug] [2020-05-18T17:19:36.290Z] May 18, 2020 10:19:36 AM com.google.cloud.datastore.emulator.impl.context.EmulatorAuthorization warnAboutSecuredJwt
WARNING: expected an unsecured JWT, the emulator does not validate JWTs and IS NOT SECURE

[debug] [2020-05-18T17:19:36.290Z] May 18, 2020 10:19:36 AM com.google.cloud.datastore.emulator.impl.context.EmulatorAuthorization warnAboutSecuredJwt
WARNING: expected an unsecured JWT, the emulator does not validate JWTs and IS NOT SECURE

[debug] [2020-05-18T17:19:36.501Z] May 18, 2020 10:19:36 AM io.netty.util.ReferenceCountUtil safeRelease
WARNING: Failed to release a message: UnpooledSlicedByteBuf(freed)
io.netty.util.IllegalReferenceCountException: refCnt: 0, decrement: 1
	at io.netty.util.internal.ReferenceCountUpdater.toLiveRealRefCnt(ReferenceCountUpdater.java:74)
	at io.netty.util.internal.ReferenceCountUpdater.release(ReferenceCountUpdater.java:138)
	at io.netty.buffer.AbstractReferenceCountedByteBuf.release(AbstractReferenceCountedByteBuf.java:100)
	at io.netty.buffer.CompositeByteBuf$Component.free(CompositeByteBuf.java:1915)
	at io.netty.buffer.CompositeByteBuf.deallocate(CompositeByteBuf.java:2220)
	at io.netty.buffer.AbstractReferenceCountedByteBuf.handleRelease(AbstractReferenceCountedByteBuf.java:110)
	at io.netty.buffer.AbstractReferenceCountedByteBuf.release(AbstractReferenceCountedByteBuf.java:100)
	at io.netty.buffer.AbstractDerivedByteBuf.release0(AbstractDerivedByteBuf.java:94)
	at io.netty.buffer.AbstractDerivedByteBuf.release(AbstractDerivedByteBuf.java:90)
	at io.netty.util.ReferenceCountUtil.release(ReferenceCountUtil.java:88)
	at io.netty.util.ReferenceCountUtil.safeRelease(ReferenceCountUtil.java:113)
	at io.netty.channel.ChannelOutboundBuffer.remove(ChannelOutboundBuffer.java:271)
	at io.netty.channel.ChannelOutboundBuffer.removeBytes(ChannelOutboundBuffer.java:352)
	at io.netty.channel.socket.nio.NioSocketChannel.doWrite(NioSocketChannel.java:431)
	at io.netty.channel.AbstractChannel$AbstractUnsafe.flush0(AbstractChannel.java:930)
	at io.netty.channel.nio.AbstractNioChannel$AbstractNioUnsafe.flush0(AbstractNioChannel.java:354)
	at io.netty.channel.AbstractChannel$AbstractUnsafe.flush(AbstractChannel.java:897)
	at io.netty.channel.DefaultChannelPipeline$HeadContext.flush(DefaultChannelPipeline.java:1372)
	at io.netty.channel.AbstractChannelHandlerContext.invokeFlush0(AbstractChannelHandlerContext.java:750)
	at io.netty.channel.AbstractChannelHandlerContext.invokeFlush(AbstractChannelHandlerContext.java:742)
	at io.netty.channel.AbstractChannelHandlerContext.flush(AbstractChannelHandlerContext.java:728)
	at io.netty.handler.codec.http2.Http2ConnectionHandler.flush(Http2ConnectionHandler.java:189)
	at io.netty.channel.AbstractChannelHandlerContext.invokeFlush0(AbstractChannelHandlerContext.java:750)
	at io.netty.channel.AbstractChannelHandlerContext.invokeFlush(AbstractChannelHandlerContext.java:742)
	at io.netty.channel.AbstractChannelHandlerContext.flush(AbstractChannelHandlerContext.java:728)
	at io.netty.channel.DefaultChannelPipeline.flush(DefaultChannelPipeline.java:967)
	at io.netty.channel.AbstractChannel.flush(AbstractChannel.java:242)
	at io.grpc.netty.WriteQueue.flush(WriteQueue.java:147)
	at io.grpc.netty.WriteQueue.access$000(WriteQueue.java:34)
	at io.grpc.netty.WriteQueue$1.run(WriteQueue.java:46)
	at io.netty.util.concurrent.AbstractEventExecutor.safeExecute(AbstractEventExecutor.java:164)
	at io.netty.util.concurrent.SingleThreadEventExecutor.runAllTasks(SingleThreadEventExecutor.java:472)
	at io.netty.channel.nio.NioEventLoop.run(NioEventLoop.java:500)
	at io.netty.util.concurrent.SingleThreadEventExecutor$4.run(SingleThreadEventExecutor.java:989)
	at io.netty.util.internal.ThreadExecutorMap$2.run(ThreadExecutorMap.java:74)
	at io.netty.util.concurrent.FastThreadLocalRunnable.run(FastThreadLocalRunnable.java:30)
	at java.lang.Thread.run(Unknown Source)


[debug] [2020-05-18T17:19:36.508Z] May 18, 2020 10:19:36 AM com.google.cloud.datastore.emulator.impl.context.EmulatorAuthorization warnAboutSecuredJwt
WARNING: expected an unsecured JWT, the emulator does not validate JWTs and IS NOT SECURE

[debug] [2020-05-18T17:19:37.160Z] May 18, 2020 10:19:37 AM com.google.cloud.datastore.emulator.impl.context.EmulatorAuthorization warnAboutSecuredJwt
WARNING: expected an unsecured JWT, the emulator does not validate JWTs and IS NOT SECURE

[debug] [2020-05-18T17:19:37.214Z] May 18, 2020 10:19:37 AM com.google.cloud.datastore.emulator.impl.context.EmulatorAuthorization warnAboutSecuredJwt
WARNING: expected an unsecured JWT, the emulator does not validate JWTs and IS NOT SECURE

[debug] [2020-05-18T17:19:38.359Z] May 18, 2020 10:19:38 AM com.google.cloud.datastore.emulator.impl.context.EmulatorAuthorization warnAboutSecuredJwt
WARNING: expected an unsecured JWT, the emulator does not validate JWTs and IS NOT SECURE

[debug] [2020-05-18T17:19:38.383Z] May 18, 2020 10:19:38 AM com.google.cloud.datastore.emulator.impl.context.EmulatorAuthorization warnAboutSecuredJwt
WARNING: expected an unsecured JWT, the emulator does not validate JWTs and IS NOT SECURE

[debug] [2020-05-18T17:19:38.943Z] May 18, 2020 10:19:38 AM com.google.cloud.datastore.emulator.impl.context.EmulatorAuthorization warnAboutSecuredJwt
WARNING: expected an unsecured JWT, the emulator does not validate JWTs and IS NOT SECURE

[debug] [2020-05-18T17:19:38.991Z] May 18, 2020 10:19:38 AM com.google.cloud.datastore.emulator.impl.context.EmulatorAuthorization warnAboutSecuredJwt
WARNING: expected an unsecured JWT, the emulator does not validate JWTs and IS NOT SECURE

[debug] [2020-05-18T17:19:40.243Z] May 18, 2020 10:19:40 AM com.google.cloud.datastore.emulator.impl.context.EmulatorAuthorization warnAboutSecuredJwt
WARNING: expected an unsecured JWT, the emulator does not validate JWTs and IS NOT SECURE

[debug] [2020-05-18T17:19:40.257Z] May 18, 2020 10:19:40 AM com.google.cloud.datastore.emulator.impl.context.EmulatorAuthorization warnAboutSecuredJwt
WARNING: expected an unsecured JWT, the emulator does not validate JWTs and IS NOT SECURE

[debug] [2020-05-18T17:19:50.245Z] May 18, 2020 10:19:50 AM io.gapi.emulators.netty.HttpVersionRoutingHandler channelRead
INFO: Detected HTTP/2 connection.

[debug] [2020-05-18T17:19:50.265Z] May 18, 2020 10:19:50 AM com.google.cloud.datastore.emulator.impl.context.EmulatorAuthorization warnAboutSecuredJwt
WARNING: expected an unsecured JWT, the emulator does not validate JWTs and IS NOT SECURE

[debug] [2020-05-18T17:19:50.275Z] May 18, 2020 10:19:50 AM com.google.cloud.datastore.emulator.impl.context.EmulatorAuthorization warnAboutSecuredJwt
WARNING: expected an unsecured JWT, the emulator does not validate JWTs and IS NOT SECURE

[debug] [2020-05-18T17:19:51.086Z] May 18, 2020 10:19:51 AM com.google.cloud.datastore.emulator.impl.context.EmulatorAuthorization warnAboutSecuredJwt
WARNING: expected an unsecured JWT, the emulator does not validate JWTs and IS NOT SECURE

[debug] [2020-05-18T17:19:51.113Z] May 18, 2020 10:19:51 AM com.google.cloud.datastore.emulator.impl.context.EmulatorAuthorization warnAboutSecuredJwt
WARNING: expected an unsecured JWT, the emulator does not validate JWTs and IS NOT SECURE

[debug] [2020-05-18T17:19:52.171Z] May 18, 2020 10:19:52 AM com.google.cloud.datastore.emulator.impl.context.EmulatorAuthorization warnAboutSecuredJwt
WARNING: expected an unsecured JWT, the emulator does not validate JWTs and IS NOT SECURE

[debug] [2020-05-18T17:19:52.196Z] May 18, 2020 10:19:52 AM com.google.cloud.datastore.emulator.impl.context.EmulatorAuthorization warnAboutSecuredJwt
WARNING: expected an unsecured JWT, the emulator does not validate JWTs and IS NOT SECURE

[debug] [2020-05-18T17:19:53.503Z] May 18, 2020 10:19:53 AM com.google.cloud.datastore.emulator.impl.context.EmulatorAuthorization warnAboutSecuredJwt
WARNING: expected an unsecured JWT, the emulator does not validate JWTs and IS NOT SECURE

[debug] [2020-05-18T17:19:53.533Z] May 18, 2020 10:19:53 AM com.google.cloud.datastore.emulator.impl.context.EmulatorAuthorization warnAboutSecuredJwt
WARNING: expected an unsecured JWT, the emulator does not validate JWTs and IS NOT SECURE

[debug] [2020-05-18T17:19:54.056Z] May 18, 2020 10:19:54 AM com.google.cloud.datastore.emulator.impl.context.EmulatorAuthorization warnAboutSecuredJwt
WARNING: expected an unsecured JWT, the emulator does not validate JWTs and IS NOT SECURE

[debug] [2020-05-18T17:19:54.082Z] May 18, 2020 10:19:54 AM com.google.cloud.datastore.emulator.impl.context.EmulatorAuthorization warnAboutSecuredJwt
WARNING: expected an unsecured JWT, the emulator does not validate JWTs and IS NOT SECURE

